2023-11-08 11:07:54,130 - freqtrade.loggers - INFO - Verbosity set to 0
2023-11-08 11:07:54,139 - freqtrade.configuration.configuration - INFO - Runmode set to dry_run.
2023-11-08 11:07:54,143 - freqtrade.configuration.configuration - INFO - Dry run is enabled
2023-11-08 11:07:54,145 - freqtrade.configuration.configuration - INFO - Using DB: "sqlite:///MoniGoMani_v0.13.0.tradesv3.sqlite"
2023-11-08 11:07:54,145 - freqtrade.configuration.configuration - INFO - Using max_open_trades: -1 ...
2023-11-08 11:07:54,290 - freqtrade.configuration.configuration - INFO - Using user-data directory: /freqtrade/user_data ...
2023-11-08 11:07:54,293 - freqtrade.configuration.directory_operations - INFO - Created data directory: None
2023-11-08 11:07:54,294 - freqtrade.configuration.configuration - INFO - Using data directory: /freqtrade/user_data/data/binance ...
2023-11-08 11:07:54,296 - freqtrade.exchange.check_exchange - INFO - Checking exchange...
2023-11-08 11:07:54,302 - freqtrade.exchange.check_exchange - INFO - Exchange "binance" is officially supported by the Freqtrade development team.
2023-11-08 11:07:54,303 - freqtrade.configuration.configuration - INFO - Using pairlist from configuration.
2023-11-08 11:07:54,304 - freqtrade.configuration.deprecated_settings - WARNING - DEPRECATED: The `forcebuy_enable` setting is deprecated and will be removed in the next versions of Freqtrade. Please use the `force_entry_enable` setting in your configuration instead.
2023-11-08 11:07:54,305 - freqtrade.configuration.deprecated_settings - WARNING - DEPRECATED: The `notification_settings.sell` setting is deprecated and will be removed in the next versions of Freqtrade. Please use the `notification_settings.exit` setting in your configuration instead.
2023-11-08 11:07:54,306 - freqtrade.configuration.deprecated_settings - WARNING - DEPRECATED: The `notification_settings.sell_fill` setting is deprecated and will be removed in the next versions of Freqtrade. Please use the `notification_settings.exit_fill` setting in your configuration instead.
2023-11-08 11:07:54,306 - freqtrade.configuration.deprecated_settings - WARNING - DEPRECATED: The `notification_settings.sell_cancel` setting is deprecated and will be removed in the next versions of Freqtrade. Please use the `notification_settings.exit_cancel` setting in your configuration instead.
2023-11-08 11:07:54,307 - freqtrade.configuration.deprecated_settings - WARNING - DEPRECATED: The `notification_settings.buy` setting is deprecated and will be removed in the next versions of Freqtrade. Please use the `notification_settings.entry` setting in your configuration instead.
2023-11-08 11:07:54,308 - freqtrade.configuration.deprecated_settings - WARNING - DEPRECATED: The `notification_settings.buy_fill` setting is deprecated and will be removed in the next versions of Freqtrade. Please use the `notification_settings.entry_fill` setting in your configuration instead.
2023-11-08 11:07:54,309 - freqtrade.configuration.deprecated_settings - WARNING - DEPRECATED: The `notification_settings.buy_cancel` setting is deprecated and will be removed in the next versions of Freqtrade. Please use the `notification_settings.entry_cancel` setting in your configuration instead.
2023-11-08 11:07:54,309 - freqtrade.commands.trade_commands - ERROR - No strategy set. Please use `--strategy` to specify the strategy class to use.
2023-11-08 11:07:54,310 - freqtrade.commands.trade_commands - ERROR - Fatal exception!
Traceback (most recent call last):
  File "/freqtrade/freqtrade/commands/trade_commands.py", line 24, in start_trading
    worker = Worker(args)
             ^^^^^^^^^^^^
  File "/freqtrade/freqtrade/worker.py", line 37, in __init__
    self._init(False)
  File "/freqtrade/freqtrade/worker.py", line 53, in _init
    self.freqtrade = FreqtradeBot(self._config)
                     ^^^^^^^^^^^^^^^^^^^^^^^^^^
  File "/freqtrade/freqtrade/freqtradebot.py", line 71, in __init__
    self.strategy: IStrategy = StrategyResolver.load_strategy(self.config)
                               ^^^^^^^^^^^^^^^^^^^^^^^^^^^^^^^^^^^^^^^^^^^
  File "/freqtrade/freqtrade/resolvers/strategy_resolver.py", line 44, in load_strategy
    raise OperationalException("No strategy set. Please use `--strategy` to specify "
freqtrade.exceptions.OperationalException: No strategy set. Please use `--strategy` to specify the strategy class to use.
2023-11-08 11:07:57,073 - freqtrade.loggers - INFO - Verbosity set to 0
2023-11-08 11:07:57,074 - freqtrade.configuration.configuration - INFO - Runmode set to dry_run.
2023-11-08 11:07:57,075 - freqtrade.configuration.configuration - INFO - Dry run is enabled
2023-11-08 11:07:57,076 - freqtrade.configuration.configuration - INFO - Using DB: "sqlite:///MoniGoMani_v0.13.0.tradesv3.sqlite"
2023-11-08 11:07:57,077 - freqtrade.configuration.configuration - INFO - Using max_open_trades: -1 ...
2023-11-08 11:07:57,180 - freqtrade.configuration.configuration - INFO - Using user-data directory: /freqtrade/user_data ...
2023-11-08 11:07:57,183 - freqtrade.configuration.configuration - INFO - Using data directory: /freqtrade/user_data/data/binance ...
2023-11-08 11:07:57,184 - freqtrade.exchange.check_exchange - INFO - Checking exchange...
2023-11-08 11:07:57,190 - freqtrade.exchange.check_exchange - INFO - Exchange "binance" is officially supported by the Freqtrade development team.
2023-11-08 11:07:57,191 - freqtrade.configuration.configuration - INFO - Using pairlist from configuration.
2023-11-08 11:07:57,192 - freqtrade.configuration.deprecated_settings - WARNING - DEPRECATED: The `forcebuy_enable` setting is deprecated and will be removed in the next versions of Freqtrade. Please use the `force_entry_enable` setting in your configuration instead.
2023-11-08 11:07:57,192 - freqtrade.configuration.deprecated_settings - WARNING - DEPRECATED: The `notification_settings.sell` setting is deprecated and will be removed in the next versions of Freqtrade. Please use the `notification_settings.exit` setting in your configuration instead.
2023-11-08 11:07:57,193 - freqtrade.configuration.deprecated_settings - WARNING - DEPRECATED: The `notification_settings.sell_fill` setting is deprecated and will be removed in the next versions of Freqtrade. Please use the `notification_settings.exit_fill` setting in your configuration instead.
2023-11-08 11:07:57,194 - freqtrade.configuration.deprecated_settings - WARNING - DEPRECATED: The `notification_settings.sell_cancel` setting is deprecated and will be removed in the next versions of Freqtrade. Please use the `notification_settings.exit_cancel` setting in your configuration instead.
2023-11-08 11:07:57,195 - freqtrade.configuration.deprecated_settings - WARNING - DEPRECATED: The `notification_settings.buy` setting is deprecated and will be removed in the next versions of Freqtrade. Please use the `notification_settings.entry` setting in your configuration instead.
2023-11-08 11:07:57,196 - freqtrade.configuration.deprecated_settings - WARNING - DEPRECATED: The `notification_settings.buy_fill` setting is deprecated and will be removed in the next versions of Freqtrade. Please use the `notification_settings.entry_fill` setting in your configuration instead.
2023-11-08 11:07:57,196 - freqtrade.configuration.deprecated_settings - WARNING - DEPRECATED: The `notification_settings.buy_cancel` setting is deprecated and will be removed in the next versions of Freqtrade. Please use the `notification_settings.entry_cancel` setting in your configuration instead.
2023-11-08 11:07:57,198 - freqtrade.commands.trade_commands - ERROR - No strategy set. Please use `--strategy` to specify the strategy class to use.
2023-11-08 11:07:57,199 - freqtrade.commands.trade_commands - ERROR - Fatal exception!
Traceback (most recent call last):
  File "/freqtrade/freqtrade/commands/trade_commands.py", line 24, in start_trading
    worker = Worker(args)
             ^^^^^^^^^^^^
  File "/freqtrade/freqtrade/worker.py", line 37, in __init__
    self._init(False)
  File "/freqtrade/freqtrade/worker.py", line 53, in _init
    self.freqtrade = FreqtradeBot(self._config)
                     ^^^^^^^^^^^^^^^^^^^^^^^^^^
  File "/freqtrade/freqtrade/freqtradebot.py", line 71, in __init__
    self.strategy: IStrategy = StrategyResolver.load_strategy(self.config)
                               ^^^^^^^^^^^^^^^^^^^^^^^^^^^^^^^^^^^^^^^^^^^
  File "/freqtrade/freqtrade/resolvers/strategy_resolver.py", line 44, in load_strategy
    raise OperationalException("No strategy set. Please use `--strategy` to specify "
freqtrade.exceptions.OperationalException: No strategy set. Please use `--strategy` to specify the strategy class to use.
2023-11-08 11:08:00,342 - freqtrade.loggers - INFO - Verbosity set to 0
2023-11-08 11:08:00,343 - freqtrade.configuration.configuration - INFO - Runmode set to dry_run.
2023-11-08 11:08:00,344 - freqtrade.configuration.configuration - INFO - Dry run is enabled
2023-11-08 11:08:00,346 - freqtrade.configuration.configuration - INFO - Using DB: "sqlite:///MoniGoMani_v0.13.0.tradesv3.sqlite"
2023-11-08 11:08:00,347 - freqtrade.configuration.configuration - INFO - Using max_open_trades: -1 ...
2023-11-08 11:08:00,486 - freqtrade.configuration.configuration - INFO - Using user-data directory: /freqtrade/user_data ...
2023-11-08 11:08:00,489 - freqtrade.configuration.configuration - INFO - Using data directory: /freqtrade/user_data/data/binance ...
2023-11-08 11:08:00,490 - freqtrade.exchange.check_exchange - INFO - Checking exchange...
2023-11-08 11:08:00,497 - freqtrade.exchange.check_exchange - INFO - Exchange "binance" is officially supported by the Freqtrade development team.
2023-11-08 11:08:00,501 - freqtrade.configuration.configuration - INFO - Using pairlist from configuration.
2023-11-08 11:08:00,502 - freqtrade.configuration.deprecated_settings - WARNING - DEPRECATED: The `forcebuy_enable` setting is deprecated and will be removed in the next versions of Freqtrade. Please use the `force_entry_enable` setting in your configuration instead.
2023-11-08 11:08:00,503 - freqtrade.configuration.deprecated_settings - WARNING - DEPRECATED: The `notification_settings.sell` setting is deprecated and will be removed in the next versions of Freqtrade. Please use the `notification_settings.exit` setting in your configuration instead.
2023-11-08 11:08:00,504 - freqtrade.configuration.deprecated_settings - WARNING - DEPRECATED: The `notification_settings.sell_fill` setting is deprecated and will be removed in the next versions of Freqtrade. Please use the `notification_settings.exit_fill` setting in your configuration instead.
2023-11-08 11:08:00,505 - freqtrade.configuration.deprecated_settings - WARNING - DEPRECATED: The `notification_settings.sell_cancel` setting is deprecated and will be removed in the next versions of Freqtrade. Please use the `notification_settings.exit_cancel` setting in your configuration instead.
2023-11-08 11:08:00,506 - freqtrade.configuration.deprecated_settings - WARNING - DEPRECATED: The `notification_settings.buy` setting is deprecated and will be removed in the next versions of Freqtrade. Please use the `notification_settings.entry` setting in your configuration instead.
2023-11-08 11:08:00,506 - freqtrade.configuration.deprecated_settings - WARNING - DEPRECATED: The `notification_settings.buy_fill` setting is deprecated and will be removed in the next versions of Freqtrade. Please use the `notification_settings.entry_fill` setting in your configuration instead.
2023-11-08 11:08:00,507 - freqtrade.configuration.deprecated_settings - WARNING - DEPRECATED: The `notification_settings.buy_cancel` setting is deprecated and will be removed in the next versions of Freqtrade. Please use the `notification_settings.entry_cancel` setting in your configuration instead.
2023-11-08 11:08:00,508 - freqtrade.commands.trade_commands - ERROR - No strategy set. Please use `--strategy` to specify the strategy class to use.
2023-11-08 11:08:00,509 - freqtrade.commands.trade_commands - ERROR - Fatal exception!
Traceback (most recent call last):
  File "/freqtrade/freqtrade/commands/trade_commands.py", line 24, in start_trading
    worker = Worker(args)
             ^^^^^^^^^^^^
  File "/freqtrade/freqtrade/worker.py", line 37, in __init__
    self._init(False)
  File "/freqtrade/freqtrade/worker.py", line 53, in _init
    self.freqtrade = FreqtradeBot(self._config)
                     ^^^^^^^^^^^^^^^^^^^^^^^^^^
  File "/freqtrade/freqtrade/freqtradebot.py", line 71, in __init__
    self.strategy: IStrategy = StrategyResolver.load_strategy(self.config)
                               ^^^^^^^^^^^^^^^^^^^^^^^^^^^^^^^^^^^^^^^^^^^
  File "/freqtrade/freqtrade/resolvers/strategy_resolver.py", line 44, in load_strategy
    raise OperationalException("No strategy set. Please use `--strategy` to specify "
freqtrade.exceptions.OperationalException: No strategy set. Please use `--strategy` to specify the strategy class to use.
2023-11-08 11:08:03,827 - freqtrade.loggers - INFO - Verbosity set to 0
2023-11-08 11:08:03,830 - freqtrade.configuration.configuration - INFO - Runmode set to dry_run.
2023-11-08 11:08:03,832 - freqtrade.configuration.configuration - INFO - Dry run is enabled
2023-11-08 11:08:03,836 - freqtrade.configuration.configuration - INFO - Using DB: "sqlite:///MoniGoMani_v0.13.0.tradesv3.sqlite"
2023-11-08 11:08:03,839 - freqtrade.configuration.configuration - INFO - Using max_open_trades: -1 ...
2023-11-08 11:08:03,992 - freqtrade.configuration.configuration - INFO - Using user-data directory: /freqtrade/user_data ...
2023-11-08 11:08:04,000 - freqtrade.configuration.configuration - INFO - Using data directory: /freqtrade/user_data/data/binance ...
2023-11-08 11:08:04,002 - freqtrade.exchange.check_exchange - INFO - Checking exchange...
2023-11-08 11:08:04,010 - freqtrade.exchange.check_exchange - INFO - Exchange "binance" is officially supported by the Freqtrade development team.
2023-11-08 11:08:04,011 - freqtrade.configuration.configuration - INFO - Using pairlist from configuration.
2023-11-08 11:08:04,012 - freqtrade.configuration.deprecated_settings - WARNING - DEPRECATED: The `forcebuy_enable` setting is deprecated and will be removed in the next versions of Freqtrade. Please use the `force_entry_enable` setting in your configuration instead.
2023-11-08 11:08:04,014 - freqtrade.configuration.deprecated_settings - WARNING - DEPRECATED: The `notification_settings.sell` setting is deprecated and will be removed in the next versions of Freqtrade. Please use the `notification_settings.exit` setting in your configuration instead.
2023-11-08 11:08:04,015 - freqtrade.configuration.deprecated_settings - WARNING - DEPRECATED: The `notification_settings.sell_fill` setting is deprecated and will be removed in the next versions of Freqtrade. Please use the `notification_settings.exit_fill` setting in your configuration instead.
2023-11-08 11:08:04,016 - freqtrade.configuration.deprecated_settings - WARNING - DEPRECATED: The `notification_settings.sell_cancel` setting is deprecated and will be removed in the next versions of Freqtrade. Please use the `notification_settings.exit_cancel` setting in your configuration instead.
2023-11-08 11:08:04,016 - freqtrade.configuration.deprecated_settings - WARNING - DEPRECATED: The `notification_settings.buy` setting is deprecated and will be removed in the next versions of Freqtrade. Please use the `notification_settings.entry` setting in your configuration instead.
2023-11-08 11:08:04,017 - freqtrade.configuration.deprecated_settings - WARNING - DEPRECATED: The `notification_settings.buy_fill` setting is deprecated and will be removed in the next versions of Freqtrade. Please use the `notification_settings.entry_fill` setting in your configuration instead.
2023-11-08 11:08:04,018 - freqtrade.configuration.deprecated_settings - WARNING - DEPRECATED: The `notification_settings.buy_cancel` setting is deprecated and will be removed in the next versions of Freqtrade. Please use the `notification_settings.entry_cancel` setting in your configuration instead.
2023-11-08 11:08:04,019 - freqtrade.commands.trade_commands - ERROR - No strategy set. Please use `--strategy` to specify the strategy class to use.
2023-11-08 11:08:04,020 - freqtrade.commands.trade_commands - ERROR - Fatal exception!
Traceback (most recent call last):
  File "/freqtrade/freqtrade/commands/trade_commands.py", line 24, in start_trading
    worker = Worker(args)
             ^^^^^^^^^^^^
  File "/freqtrade/freqtrade/worker.py", line 37, in __init__
    self._init(False)
  File "/freqtrade/freqtrade/worker.py", line 53, in _init
    self.freqtrade = FreqtradeBot(self._config)
                     ^^^^^^^^^^^^^^^^^^^^^^^^^^
  File "/freqtrade/freqtrade/freqtradebot.py", line 71, in __init__
    self.strategy: IStrategy = StrategyResolver.load_strategy(self.config)
                               ^^^^^^^^^^^^^^^^^^^^^^^^^^^^^^^^^^^^^^^^^^^
  File "/freqtrade/freqtrade/resolvers/strategy_resolver.py", line 44, in load_strategy
    raise OperationalException("No strategy set. Please use `--strategy` to specify "
freqtrade.exceptions.OperationalException: No strategy set. Please use `--strategy` to specify the strategy class to use.
2023-11-08 11:08:07,875 - freqtrade.loggers - INFO - Verbosity set to 0
2023-11-08 11:08:07,877 - freqtrade.configuration.configuration - INFO - Runmode set to dry_run.
2023-11-08 11:08:07,878 - freqtrade.configuration.configuration - INFO - Dry run is enabled
2023-11-08 11:08:07,880 - freqtrade.configuration.configuration - INFO - Using DB: "sqlite:///MoniGoMani_v0.13.0.tradesv3.sqlite"
2023-11-08 11:08:07,881 - freqtrade.configuration.configuration - INFO - Using max_open_trades: -1 ...
2023-11-08 11:08:08,099 - freqtrade.configuration.configuration - INFO - Using user-data directory: /freqtrade/user_data ...
2023-11-08 11:08:08,104 - freqtrade.configuration.configuration - INFO - Using data directory: /freqtrade/user_data/data/binance ...
2023-11-08 11:08:08,106 - freqtrade.exchange.check_exchange - INFO - Checking exchange...
2023-11-08 11:08:08,113 - freqtrade.exchange.check_exchange - INFO - Exchange "binance" is officially supported by the Freqtrade development team.
2023-11-08 11:08:08,119 - freqtrade.configuration.configuration - INFO - Using pairlist from configuration.
2023-11-08 11:08:08,124 - freqtrade.configuration.deprecated_settings - WARNING - DEPRECATED: The `forcebuy_enable` setting is deprecated and will be removed in the next versions of Freqtrade. Please use the `force_entry_enable` setting in your configuration instead.
2023-11-08 11:08:08,126 - freqtrade.configuration.deprecated_settings - WARNING - DEPRECATED: The `notification_settings.sell` setting is deprecated and will be removed in the next versions of Freqtrade. Please use the `notification_settings.exit` setting in your configuration instead.
2023-11-08 11:08:08,127 - freqtrade.configuration.deprecated_settings - WARNING - DEPRECATED: The `notification_settings.sell_fill` setting is deprecated and will be removed in the next versions of Freqtrade. Please use the `notification_settings.exit_fill` setting in your configuration instead.
2023-11-08 11:08:08,129 - freqtrade.configuration.deprecated_settings - WARNING - DEPRECATED: The `notification_settings.sell_cancel` setting is deprecated and will be removed in the next versions of Freqtrade. Please use the `notification_settings.exit_cancel` setting in your configuration instead.
2023-11-08 11:08:08,131 - freqtrade.configuration.deprecated_settings - WARNING - DEPRECATED: The `notification_settings.buy` setting is deprecated and will be removed in the next versions of Freqtrade. Please use the `notification_settings.entry` setting in your configuration instead.
2023-11-08 11:08:08,133 - freqtrade.configuration.deprecated_settings - WARNING - DEPRECATED: The `notification_settings.buy_fill` setting is deprecated and will be removed in the next versions of Freqtrade. Please use the `notification_settings.entry_fill` setting in your configuration instead.
2023-11-08 11:08:08,135 - freqtrade.configuration.deprecated_settings - WARNING - DEPRECATED: The `notification_settings.buy_cancel` setting is deprecated and will be removed in the next versions of Freqtrade. Please use the `notification_settings.entry_cancel` setting in your configuration instead.
2023-11-08 11:08:08,136 - freqtrade.commands.trade_commands - ERROR - No strategy set. Please use `--strategy` to specify the strategy class to use.
2023-11-08 11:08:08,138 - freqtrade.commands.trade_commands - ERROR - Fatal exception!
Traceback (most recent call last):
  File "/freqtrade/freqtrade/commands/trade_commands.py", line 24, in start_trading
    worker = Worker(args)
             ^^^^^^^^^^^^
  File "/freqtrade/freqtrade/worker.py", line 37, in __init__
    self._init(False)
  File "/freqtrade/freqtrade/worker.py", line 53, in _init
    self.freqtrade = FreqtradeBot(self._config)
                     ^^^^^^^^^^^^^^^^^^^^^^^^^^
  File "/freqtrade/freqtrade/freqtradebot.py", line 71, in __init__
    self.strategy: IStrategy = StrategyResolver.load_strategy(self.config)
                               ^^^^^^^^^^^^^^^^^^^^^^^^^^^^^^^^^^^^^^^^^^^
  File "/freqtrade/freqtrade/resolvers/strategy_resolver.py", line 44, in load_strategy
    raise OperationalException("No strategy set. Please use `--strategy` to specify "
freqtrade.exceptions.OperationalException: No strategy set. Please use `--strategy` to specify the strategy class to use.
2023-11-08 11:08:12,599 - freqtrade.loggers - INFO - Verbosity set to 0
2023-11-08 11:08:12,602 - freqtrade.configuration.configuration - INFO - Runmode set to dry_run.
2023-11-08 11:08:12,604 - freqtrade.configuration.configuration - INFO - Dry run is enabled
2023-11-08 11:08:12,605 - freqtrade.configuration.configuration - INFO - Using DB: "sqlite:///MoniGoMani_v0.13.0.tradesv3.sqlite"
2023-11-08 11:08:12,607 - freqtrade.configuration.configuration - INFO - Using max_open_trades: -1 ...
2023-11-08 11:08:12,812 - freqtrade.configuration.configuration - INFO - Using user-data directory: /freqtrade/user_data ...
2023-11-08 11:08:12,821 - freqtrade.configuration.configuration - INFO - Using data directory: /freqtrade/user_data/data/binance ...
2023-11-08 11:08:12,824 - freqtrade.exchange.check_exchange - INFO - Checking exchange...
2023-11-08 11:08:12,831 - freqtrade.exchange.check_exchange - INFO - Exchange "binance" is officially supported by the Freqtrade development team.
2023-11-08 11:08:12,834 - freqtrade.configuration.configuration - INFO - Using pairlist from configuration.
2023-11-08 11:08:12,835 - freqtrade.configuration.deprecated_settings - WARNING - DEPRECATED: The `forcebuy_enable` setting is deprecated and will be removed in the next versions of Freqtrade. Please use the `force_entry_enable` setting in your configuration instead.
2023-11-08 11:08:12,837 - freqtrade.configuration.deprecated_settings - WARNING - DEPRECATED: The `notification_settings.sell` setting is deprecated and will be removed in the next versions of Freqtrade. Please use the `notification_settings.exit` setting in your configuration instead.
2023-11-08 11:08:12,838 - freqtrade.configuration.deprecated_settings - WARNING - DEPRECATED: The `notification_settings.sell_fill` setting is deprecated and will be removed in the next versions of Freqtrade. Please use the `notification_settings.exit_fill` setting in your configuration instead.
2023-11-08 11:08:12,839 - freqtrade.configuration.deprecated_settings - WARNING - DEPRECATED: The `notification_settings.sell_cancel` setting is deprecated and will be removed in the next versions of Freqtrade. Please use the `notification_settings.exit_cancel` setting in your configuration instead.
2023-11-08 11:08:12,840 - freqtrade.configuration.deprecated_settings - WARNING - DEPRECATED: The `notification_settings.buy` setting is deprecated and will be removed in the next versions of Freqtrade. Please use the `notification_settings.entry` setting in your configuration instead.
2023-11-08 11:08:12,842 - freqtrade.configuration.deprecated_settings - WARNING - DEPRECATED: The `notification_settings.buy_fill` setting is deprecated and will be removed in the next versions of Freqtrade. Please use the `notification_settings.entry_fill` setting in your configuration instead.
2023-11-08 11:08:12,843 - freqtrade.configuration.deprecated_settings - WARNING - DEPRECATED: The `notification_settings.buy_cancel` setting is deprecated and will be removed in the next versions of Freqtrade. Please use the `notification_settings.entry_cancel` setting in your configuration instead.
2023-11-08 11:08:12,844 - freqtrade.commands.trade_commands - ERROR - No strategy set. Please use `--strategy` to specify the strategy class to use.
2023-11-08 11:08:12,846 - freqtrade.commands.trade_commands - ERROR - Fatal exception!
Traceback (most recent call last):
  File "/freqtrade/freqtrade/commands/trade_commands.py", line 24, in start_trading
    worker = Worker(args)
             ^^^^^^^^^^^^
  File "/freqtrade/freqtrade/worker.py", line 37, in __init__
    self._init(False)
  File "/freqtrade/freqtrade/worker.py", line 53, in _init
    self.freqtrade = FreqtradeBot(self._config)
                     ^^^^^^^^^^^^^^^^^^^^^^^^^^
  File "/freqtrade/freqtrade/freqtradebot.py", line 71, in __init__
    self.strategy: IStrategy = StrategyResolver.load_strategy(self.config)
                               ^^^^^^^^^^^^^^^^^^^^^^^^^^^^^^^^^^^^^^^^^^^
  File "/freqtrade/freqtrade/resolvers/strategy_resolver.py", line 44, in load_strategy
    raise OperationalException("No strategy set. Please use `--strategy` to specify "
freqtrade.exceptions.OperationalException: No strategy set. Please use `--strategy` to specify the strategy class to use.
2023-11-08 11:08:18,879 - freqtrade.loggers - INFO - Verbosity set to 0
2023-11-08 11:08:18,880 - freqtrade.configuration.configuration - INFO - Runmode set to dry_run.
2023-11-08 11:08:18,882 - freqtrade.configuration.configuration - INFO - Dry run is enabled
2023-11-08 11:08:18,883 - freqtrade.configuration.configuration - INFO - Using DB: "sqlite:///MoniGoMani_v0.13.0.tradesv3.sqlite"
2023-11-08 11:08:18,884 - freqtrade.configuration.configuration - INFO - Using max_open_trades: -1 ...
2023-11-08 11:08:19,118 - freqtrade.configuration.configuration - INFO - Using user-data directory: /freqtrade/user_data ...
2023-11-08 11:08:19,124 - freqtrade.configuration.configuration - INFO - Using data directory: /freqtrade/user_data/data/binance ...
2023-11-08 11:08:19,128 - freqtrade.exchange.check_exchange - INFO - Checking exchange...
2023-11-08 11:08:19,135 - freqtrade.exchange.check_exchange - INFO - Exchange "binance" is officially supported by the Freqtrade development team.
2023-11-08 11:08:19,143 - freqtrade.configuration.configuration - INFO - Using pairlist from configuration.
2023-11-08 11:08:19,145 - freqtrade.configuration.deprecated_settings - WARNING - DEPRECATED: The `forcebuy_enable` setting is deprecated and will be removed in the next versions of Freqtrade. Please use the `force_entry_enable` setting in your configuration instead.
2023-11-08 11:08:19,149 - freqtrade.configuration.deprecated_settings - WARNING - DEPRECATED: The `notification_settings.sell` setting is deprecated and will be removed in the next versions of Freqtrade. Please use the `notification_settings.exit` setting in your configuration instead.
2023-11-08 11:08:19,150 - freqtrade.configuration.deprecated_settings - WARNING - DEPRECATED: The `notification_settings.sell_fill` setting is deprecated and will be removed in the next versions of Freqtrade. Please use the `notification_settings.exit_fill` setting in your configuration instead.
2023-11-08 11:08:19,157 - freqtrade.configuration.deprecated_settings - WARNING - DEPRECATED: The `notification_settings.sell_cancel` setting is deprecated and will be removed in the next versions of Freqtrade. Please use the `notification_settings.exit_cancel` setting in your configuration instead.
2023-11-08 11:08:19,159 - freqtrade.configuration.deprecated_settings - WARNING - DEPRECATED: The `notification_settings.buy` setting is deprecated and will be removed in the next versions of Freqtrade. Please use the `notification_settings.entry` setting in your configuration instead.
2023-11-08 11:08:19,161 - freqtrade.configuration.deprecated_settings - WARNING - DEPRECATED: The `notification_settings.buy_fill` setting is deprecated and will be removed in the next versions of Freqtrade. Please use the `notification_settings.entry_fill` setting in your configuration instead.
2023-11-08 11:08:19,162 - freqtrade.configuration.deprecated_settings - WARNING - DEPRECATED: The `notification_settings.buy_cancel` setting is deprecated and will be removed in the next versions of Freqtrade. Please use the `notification_settings.entry_cancel` setting in your configuration instead.
2023-11-08 11:08:19,164 - freqtrade.commands.trade_commands - ERROR - No strategy set. Please use `--strategy` to specify the strategy class to use.
2023-11-08 11:08:19,166 - freqtrade.commands.trade_commands - ERROR - Fatal exception!
Traceback (most recent call last):
  File "/freqtrade/freqtrade/commands/trade_commands.py", line 24, in start_trading
    worker = Worker(args)
             ^^^^^^^^^^^^
  File "/freqtrade/freqtrade/worker.py", line 37, in __init__
    self._init(False)
  File "/freqtrade/freqtrade/worker.py", line 53, in _init
    self.freqtrade = FreqtradeBot(self._config)
                     ^^^^^^^^^^^^^^^^^^^^^^^^^^
  File "/freqtrade/freqtrade/freqtradebot.py", line 71, in __init__
    self.strategy: IStrategy = StrategyResolver.load_strategy(self.config)
                               ^^^^^^^^^^^^^^^^^^^^^^^^^^^^^^^^^^^^^^^^^^^
  File "/freqtrade/freqtrade/resolvers/strategy_resolver.py", line 44, in load_strategy
    raise OperationalException("No strategy set. Please use `--strategy` to specify "
freqtrade.exceptions.OperationalException: No strategy set. Please use `--strategy` to specify the strategy class to use.
2023-11-08 11:08:28,147 - freqtrade.loggers - INFO - Verbosity set to 0
2023-11-08 11:08:28,149 - freqtrade.configuration.configuration - INFO - Runmode set to dry_run.
2023-11-08 11:08:28,151 - freqtrade.configuration.configuration - INFO - Dry run is enabled
2023-11-08 11:08:28,153 - freqtrade.configuration.configuration - INFO - Using DB: "sqlite:///MoniGoMani_v0.13.0.tradesv3.sqlite"
2023-11-08 11:08:28,155 - freqtrade.configuration.configuration - INFO - Using max_open_trades: -1 ...
2023-11-08 11:08:28,361 - freqtrade.configuration.configuration - INFO - Using user-data directory: /freqtrade/user_data ...
2023-11-08 11:08:28,367 - freqtrade.configuration.configuration - INFO - Using data directory: /freqtrade/user_data/data/binance ...
2023-11-08 11:08:28,369 - freqtrade.exchange.check_exchange - INFO - Checking exchange...
2023-11-08 11:08:28,376 - freqtrade.exchange.check_exchange - INFO - Exchange "binance" is officially supported by the Freqtrade development team.
2023-11-08 11:08:28,379 - freqtrade.configuration.configuration - INFO - Using pairlist from configuration.
2023-11-08 11:08:28,381 - freqtrade.configuration.deprecated_settings - WARNING - DEPRECATED: The `forcebuy_enable` setting is deprecated and will be removed in the next versions of Freqtrade. Please use the `force_entry_enable` setting in your configuration instead.
2023-11-08 11:08:28,382 - freqtrade.configuration.deprecated_settings - WARNING - DEPRECATED: The `notification_settings.sell` setting is deprecated and will be removed in the next versions of Freqtrade. Please use the `notification_settings.exit` setting in your configuration instead.
2023-11-08 11:08:28,383 - freqtrade.configuration.deprecated_settings - WARNING - DEPRECATED: The `notification_settings.sell_fill` setting is deprecated and will be removed in the next versions of Freqtrade. Please use the `notification_settings.exit_fill` setting in your configuration instead.
2023-11-08 11:08:28,384 - freqtrade.configuration.deprecated_settings - WARNING - DEPRECATED: The `notification_settings.sell_cancel` setting is deprecated and will be removed in the next versions of Freqtrade. Please use the `notification_settings.exit_cancel` setting in your configuration instead.
2023-11-08 11:08:28,386 - freqtrade.configuration.deprecated_settings - WARNING - DEPRECATED: The `notification_settings.buy` setting is deprecated and will be removed in the next versions of Freqtrade. Please use the `notification_settings.entry` setting in your configuration instead.
2023-11-08 11:08:28,387 - freqtrade.configuration.deprecated_settings - WARNING - DEPRECATED: The `notification_settings.buy_fill` setting is deprecated and will be removed in the next versions of Freqtrade. Please use the `notification_settings.entry_fill` setting in your configuration instead.
2023-11-08 11:08:28,389 - freqtrade.configuration.deprecated_settings - WARNING - DEPRECATED: The `notification_settings.buy_cancel` setting is deprecated and will be removed in the next versions of Freqtrade. Please use the `notification_settings.entry_cancel` setting in your configuration instead.
2023-11-08 11:08:28,390 - freqtrade.commands.trade_commands - ERROR - No strategy set. Please use `--strategy` to specify the strategy class to use.
2023-11-08 11:08:28,392 - freqtrade.commands.trade_commands - ERROR - Fatal exception!
Traceback (most recent call last):
  File "/freqtrade/freqtrade/commands/trade_commands.py", line 24, in start_trading
    worker = Worker(args)
             ^^^^^^^^^^^^
  File "/freqtrade/freqtrade/worker.py", line 37, in __init__
    self._init(False)
  File "/freqtrade/freqtrade/worker.py", line 53, in _init
    self.freqtrade = FreqtradeBot(self._config)
                     ^^^^^^^^^^^^^^^^^^^^^^^^^^
  File "/freqtrade/freqtrade/freqtradebot.py", line 71, in __init__
    self.strategy: IStrategy = StrategyResolver.load_strategy(self.config)
                               ^^^^^^^^^^^^^^^^^^^^^^^^^^^^^^^^^^^^^^^^^^^
  File "/freqtrade/freqtrade/resolvers/strategy_resolver.py", line 44, in load_strategy
    raise OperationalException("No strategy set. Please use `--strategy` to specify "
freqtrade.exceptions.OperationalException: No strategy set. Please use `--strategy` to specify the strategy class to use.
2023-11-08 11:08:43,855 - freqtrade.loggers - INFO - Verbosity set to 0
2023-11-08 11:08:43,856 - freqtrade.configuration.configuration - INFO - Runmode set to dry_run.
2023-11-08 11:08:43,856 - freqtrade.configuration.configuration - INFO - Dry run is enabled
2023-11-08 11:08:43,857 - freqtrade.configuration.configuration - INFO - Using DB: "sqlite:///MoniGoMani_v0.13.0.tradesv3.sqlite"
2023-11-08 11:08:43,858 - freqtrade.configuration.configuration - INFO - Using max_open_trades: -1 ...
2023-11-08 11:08:44,029 - freqtrade.configuration.configuration - INFO - Using user-data directory: /freqtrade/user_data ...
2023-11-08 11:08:44,032 - freqtrade.configuration.configuration - INFO - Using data directory: /freqtrade/user_data/data/binance ...
2023-11-08 11:08:44,034 - freqtrade.exchange.check_exchange - INFO - Checking exchange...
2023-11-08 11:08:44,040 - freqtrade.exchange.check_exchange - INFO - Exchange "binance" is officially supported by the Freqtrade development team.
2023-11-08 11:08:44,041 - freqtrade.configuration.configuration - INFO - Using pairlist from configuration.
2023-11-08 11:08:44,041 - freqtrade.configuration.deprecated_settings - WARNING - DEPRECATED: The `forcebuy_enable` setting is deprecated and will be removed in the next versions of Freqtrade. Please use the `force_entry_enable` setting in your configuration instead.
2023-11-08 11:08:44,042 - freqtrade.configuration.deprecated_settings - WARNING - DEPRECATED: The `notification_settings.sell` setting is deprecated and will be removed in the next versions of Freqtrade. Please use the `notification_settings.exit` setting in your configuration instead.
2023-11-08 11:08:44,043 - freqtrade.configuration.deprecated_settings - WARNING - DEPRECATED: The `notification_settings.sell_fill` setting is deprecated and will be removed in the next versions of Freqtrade. Please use the `notification_settings.exit_fill` setting in your configuration instead.
2023-11-08 11:08:44,044 - freqtrade.configuration.deprecated_settings - WARNING - DEPRECATED: The `notification_settings.sell_cancel` setting is deprecated and will be removed in the next versions of Freqtrade. Please use the `notification_settings.exit_cancel` setting in your configuration instead.
2023-11-08 11:08:44,045 - freqtrade.configuration.deprecated_settings - WARNING - DEPRECATED: The `notification_settings.buy` setting is deprecated and will be removed in the next versions of Freqtrade. Please use the `notification_settings.entry` setting in your configuration instead.
2023-11-08 11:08:44,046 - freqtrade.configuration.deprecated_settings - WARNING - DEPRECATED: The `notification_settings.buy_fill` setting is deprecated and will be removed in the next versions of Freqtrade. Please use the `notification_settings.entry_fill` setting in your configuration instead.
2023-11-08 11:08:44,047 - freqtrade.configuration.deprecated_settings - WARNING - DEPRECATED: The `notification_settings.buy_cancel` setting is deprecated and will be removed in the next versions of Freqtrade. Please use the `notification_settings.entry_cancel` setting in your configuration instead.
2023-11-08 11:08:44,048 - freqtrade.commands.trade_commands - ERROR - No strategy set. Please use `--strategy` to specify the strategy class to use.
2023-11-08 11:08:44,048 - freqtrade.commands.trade_commands - ERROR - Fatal exception!
Traceback (most recent call last):
  File "/freqtrade/freqtrade/commands/trade_commands.py", line 24, in start_trading
    worker = Worker(args)
             ^^^^^^^^^^^^
  File "/freqtrade/freqtrade/worker.py", line 37, in __init__
    self._init(False)
  File "/freqtrade/freqtrade/worker.py", line 53, in _init
    self.freqtrade = FreqtradeBot(self._config)
                     ^^^^^^^^^^^^^^^^^^^^^^^^^^
  File "/freqtrade/freqtrade/freqtradebot.py", line 71, in __init__
    self.strategy: IStrategy = StrategyResolver.load_strategy(self.config)
                               ^^^^^^^^^^^^^^^^^^^^^^^^^^^^^^^^^^^^^^^^^^^
  File "/freqtrade/freqtrade/resolvers/strategy_resolver.py", line 44, in load_strategy
    raise OperationalException("No strategy set. Please use `--strategy` to specify "
freqtrade.exceptions.OperationalException: No strategy set. Please use `--strategy` to specify the strategy class to use.
2023-11-08 11:09:12,090 - freqtrade.loggers - INFO - Verbosity set to 0
2023-11-08 11:09:12,091 - freqtrade.configuration.configuration - INFO - Runmode set to dry_run.
2023-11-08 11:09:12,093 - freqtrade.configuration.configuration - INFO - Dry run is enabled
2023-11-08 11:09:12,094 - freqtrade.configuration.configuration - INFO - Using DB: "sqlite:///MoniGoMani_v0.13.0.tradesv3.sqlite"
2023-11-08 11:09:12,095 - freqtrade.configuration.configuration - INFO - Using max_open_trades: -1 ...
2023-11-08 11:09:12,281 - freqtrade.configuration.configuration - INFO - Using user-data directory: /freqtrade/user_data ...
2023-11-08 11:09:12,285 - freqtrade.configuration.configuration - INFO - Using data directory: /freqtrade/user_data/data/binance ...
2023-11-08 11:09:12,288 - freqtrade.exchange.check_exchange - INFO - Checking exchange...
2023-11-08 11:09:12,295 - freqtrade.exchange.check_exchange - INFO - Exchange "binance" is officially supported by the Freqtrade development team.
2023-11-08 11:09:12,297 - freqtrade.configuration.configuration - INFO - Using pairlist from configuration.
2023-11-08 11:09:12,298 - freqtrade.configuration.deprecated_settings - WARNING - DEPRECATED: The `forcebuy_enable` setting is deprecated and will be removed in the next versions of Freqtrade. Please use the `force_entry_enable` setting in your configuration instead.
2023-11-08 11:09:12,299 - freqtrade.configuration.deprecated_settings - WARNING - DEPRECATED: The `notification_settings.sell` setting is deprecated and will be removed in the next versions of Freqtrade. Please use the `notification_settings.exit` setting in your configuration instead.
2023-11-08 11:09:12,300 - freqtrade.configuration.deprecated_settings - WARNING - DEPRECATED: The `notification_settings.sell_fill` setting is deprecated and will be removed in the next versions of Freqtrade. Please use the `notification_settings.exit_fill` setting in your configuration instead.
2023-11-08 11:09:12,302 - freqtrade.configuration.deprecated_settings - WARNING - DEPRECATED: The `notification_settings.sell_cancel` setting is deprecated and will be removed in the next versions of Freqtrade. Please use the `notification_settings.exit_cancel` setting in your configuration instead.
2023-11-08 11:09:12,304 - freqtrade.configuration.deprecated_settings - WARNING - DEPRECATED: The `notification_settings.buy` setting is deprecated and will be removed in the next versions of Freqtrade. Please use the `notification_settings.entry` setting in your configuration instead.
2023-11-08 11:09:12,305 - freqtrade.configuration.deprecated_settings - WARNING - DEPRECATED: The `notification_settings.buy_fill` setting is deprecated and will be removed in the next versions of Freqtrade. Please use the `notification_settings.entry_fill` setting in your configuration instead.
2023-11-08 11:09:12,306 - freqtrade.configuration.deprecated_settings - WARNING - DEPRECATED: The `notification_settings.buy_cancel` setting is deprecated and will be removed in the next versions of Freqtrade. Please use the `notification_settings.entry_cancel` setting in your configuration instead.
2023-11-08 11:09:12,308 - freqtrade.commands.trade_commands - ERROR - No strategy set. Please use `--strategy` to specify the strategy class to use.
2023-11-08 11:09:12,309 - freqtrade.commands.trade_commands - ERROR - Fatal exception!
Traceback (most recent call last):
  File "/freqtrade/freqtrade/commands/trade_commands.py", line 24, in start_trading
    worker = Worker(args)
             ^^^^^^^^^^^^
  File "/freqtrade/freqtrade/worker.py", line 37, in __init__
    self._init(False)
  File "/freqtrade/freqtrade/worker.py", line 53, in _init
    self.freqtrade = FreqtradeBot(self._config)
                     ^^^^^^^^^^^^^^^^^^^^^^^^^^
  File "/freqtrade/freqtrade/freqtradebot.py", line 71, in __init__
    self.strategy: IStrategy = StrategyResolver.load_strategy(self.config)
                               ^^^^^^^^^^^^^^^^^^^^^^^^^^^^^^^^^^^^^^^^^^^
  File "/freqtrade/freqtrade/resolvers/strategy_resolver.py", line 44, in load_strategy
    raise OperationalException("No strategy set. Please use `--strategy` to specify "
freqtrade.exceptions.OperationalException: No strategy set. Please use `--strategy` to specify the strategy class to use.
2023-11-08 11:10:05,977 - freqtrade.loggers - INFO - Verbosity set to 0
2023-11-08 11:10:05,978 - freqtrade.configuration.configuration - INFO - Runmode set to dry_run.
2023-11-08 11:10:05,979 - freqtrade.configuration.configuration - INFO - Dry run is enabled
2023-11-08 11:10:05,980 - freqtrade.configuration.configuration - INFO - Using DB: "sqlite:///MoniGoMani_v0.13.0.tradesv3.sqlite"
2023-11-08 11:10:05,980 - freqtrade.configuration.configuration - INFO - Using max_open_trades: -1 ...
2023-11-08 11:10:06,168 - freqtrade.configuration.configuration - INFO - Using user-data directory: /freqtrade/user_data ...
2023-11-08 11:10:06,172 - freqtrade.configuration.configuration - INFO - Using data directory: /freqtrade/user_data/data/binance ...
2023-11-08 11:10:06,174 - freqtrade.exchange.check_exchange - INFO - Checking exchange...
2023-11-08 11:10:06,179 - freqtrade.exchange.check_exchange - INFO - Exchange "binance" is officially supported by the Freqtrade development team.
2023-11-08 11:10:06,181 - freqtrade.configuration.configuration - INFO - Using pairlist from configuration.
2023-11-08 11:10:06,182 - freqtrade.configuration.deprecated_settings - WARNING - DEPRECATED: The `forcebuy_enable` setting is deprecated and will be removed in the next versions of Freqtrade. Please use the `force_entry_enable` setting in your configuration instead.
2023-11-08 11:10:06,183 - freqtrade.configuration.deprecated_settings - WARNING - DEPRECATED: The `notification_settings.sell` setting is deprecated and will be removed in the next versions of Freqtrade. Please use the `notification_settings.exit` setting in your configuration instead.
2023-11-08 11:10:06,184 - freqtrade.configuration.deprecated_settings - WARNING - DEPRECATED: The `notification_settings.sell_fill` setting is deprecated and will be removed in the next versions of Freqtrade. Please use the `notification_settings.exit_fill` setting in your configuration instead.
2023-11-08 11:10:06,185 - freqtrade.configuration.deprecated_settings - WARNING - DEPRECATED: The `notification_settings.sell_cancel` setting is deprecated and will be removed in the next versions of Freqtrade. Please use the `notification_settings.exit_cancel` setting in your configuration instead.
2023-11-08 11:10:06,186 - freqtrade.configuration.deprecated_settings - WARNING - DEPRECATED: The `notification_settings.buy` setting is deprecated and will be removed in the next versions of Freqtrade. Please use the `notification_settings.entry` setting in your configuration instead.
2023-11-08 11:10:06,188 - freqtrade.configuration.deprecated_settings - WARNING - DEPRECATED: The `notification_settings.buy_fill` setting is deprecated and will be removed in the next versions of Freqtrade. Please use the `notification_settings.entry_fill` setting in your configuration instead.
2023-11-08 11:10:06,188 - freqtrade.configuration.deprecated_settings - WARNING - DEPRECATED: The `notification_settings.buy_cancel` setting is deprecated and will be removed in the next versions of Freqtrade. Please use the `notification_settings.entry_cancel` setting in your configuration instead.
2023-11-08 11:10:06,189 - freqtrade.commands.trade_commands - ERROR - No strategy set. Please use `--strategy` to specify the strategy class to use.
2023-11-08 11:10:06,190 - freqtrade.commands.trade_commands - ERROR - Fatal exception!
Traceback (most recent call last):
  File "/freqtrade/freqtrade/commands/trade_commands.py", line 24, in start_trading
    worker = Worker(args)
             ^^^^^^^^^^^^
  File "/freqtrade/freqtrade/worker.py", line 37, in __init__
    self._init(False)
  File "/freqtrade/freqtrade/worker.py", line 53, in _init
    self.freqtrade = FreqtradeBot(self._config)
                     ^^^^^^^^^^^^^^^^^^^^^^^^^^
  File "/freqtrade/freqtrade/freqtradebot.py", line 71, in __init__
    self.strategy: IStrategy = StrategyResolver.load_strategy(self.config)
                               ^^^^^^^^^^^^^^^^^^^^^^^^^^^^^^^^^^^^^^^^^^^
  File "/freqtrade/freqtrade/resolvers/strategy_resolver.py", line 44, in load_strategy
    raise OperationalException("No strategy set. Please use `--strategy` to specify "
freqtrade.exceptions.OperationalException: No strategy set. Please use `--strategy` to specify the strategy class to use.
2023-11-08 11:11:08,519 - freqtrade.loggers - INFO - Verbosity set to 0
2023-11-08 11:11:08,521 - freqtrade.configuration.configuration - INFO - Runmode set to dry_run.
2023-11-08 11:11:08,521 - freqtrade.configuration.configuration - INFO - Dry run is enabled
2023-11-08 11:11:08,522 - freqtrade.configuration.configuration - INFO - Using DB: "sqlite:///MoniGoMani_v0.13.0.tradesv3.sqlite"
2023-11-08 11:11:08,523 - freqtrade.configuration.configuration - INFO - Using max_open_trades: -1 ...
2023-11-08 11:11:08,699 - freqtrade.configuration.configuration - INFO - Using user-data directory: /freqtrade/user_data ...
2023-11-08 11:11:08,709 - freqtrade.configuration.configuration - INFO - Using data directory: /freqtrade/user_data/data/binance ...
2023-11-08 11:11:08,714 - freqtrade.exchange.check_exchange - INFO - Checking exchange...
2023-11-08 11:11:08,724 - freqtrade.exchange.check_exchange - INFO - Exchange "binance" is officially supported by the Freqtrade development team.
2023-11-08 11:11:08,726 - freqtrade.configuration.configuration - INFO - Using pairlist from configuration.
2023-11-08 11:11:08,728 - freqtrade.configuration.deprecated_settings - WARNING - DEPRECATED: The `forcebuy_enable` setting is deprecated and will be removed in the next versions of Freqtrade. Please use the `force_entry_enable` setting in your configuration instead.
2023-11-08 11:11:08,731 - freqtrade.configuration.deprecated_settings - WARNING - DEPRECATED: The `notification_settings.sell` setting is deprecated and will be removed in the next versions of Freqtrade. Please use the `notification_settings.exit` setting in your configuration instead.
2023-11-08 11:11:08,734 - freqtrade.configuration.deprecated_settings - WARNING - DEPRECATED: The `notification_settings.sell_fill` setting is deprecated and will be removed in the next versions of Freqtrade. Please use the `notification_settings.exit_fill` setting in your configuration instead.
2023-11-08 11:11:08,735 - freqtrade.configuration.deprecated_settings - WARNING - DEPRECATED: The `notification_settings.sell_cancel` setting is deprecated and will be removed in the next versions of Freqtrade. Please use the `notification_settings.exit_cancel` setting in your configuration instead.
2023-11-08 11:11:08,738 - freqtrade.configuration.deprecated_settings - WARNING - DEPRECATED: The `notification_settings.buy` setting is deprecated and will be removed in the next versions of Freqtrade. Please use the `notification_settings.entry` setting in your configuration instead.
2023-11-08 11:11:08,739 - freqtrade.configuration.deprecated_settings - WARNING - DEPRECATED: The `notification_settings.buy_fill` setting is deprecated and will be removed in the next versions of Freqtrade. Please use the `notification_settings.entry_fill` setting in your configuration instead.
2023-11-08 11:11:08,740 - freqtrade.configuration.deprecated_settings - WARNING - DEPRECATED: The `notification_settings.buy_cancel` setting is deprecated and will be removed in the next versions of Freqtrade. Please use the `notification_settings.entry_cancel` setting in your configuration instead.
2023-11-08 11:11:08,741 - freqtrade.commands.trade_commands - ERROR - No strategy set. Please use `--strategy` to specify the strategy class to use.
2023-11-08 11:11:08,742 - freqtrade.commands.trade_commands - ERROR - Fatal exception!
Traceback (most recent call last):
  File "/freqtrade/freqtrade/commands/trade_commands.py", line 24, in start_trading
    worker = Worker(args)
             ^^^^^^^^^^^^
  File "/freqtrade/freqtrade/worker.py", line 37, in __init__
    self._init(False)
  File "/freqtrade/freqtrade/worker.py", line 53, in _init
    self.freqtrade = FreqtradeBot(self._config)
                     ^^^^^^^^^^^^^^^^^^^^^^^^^^
  File "/freqtrade/freqtrade/freqtradebot.py", line 71, in __init__
    self.strategy: IStrategy = StrategyResolver.load_strategy(self.config)
                               ^^^^^^^^^^^^^^^^^^^^^^^^^^^^^^^^^^^^^^^^^^^
  File "/freqtrade/freqtrade/resolvers/strategy_resolver.py", line 44, in load_strategy
    raise OperationalException("No strategy set. Please use `--strategy` to specify "
freqtrade.exceptions.OperationalException: No strategy set. Please use `--strategy` to specify the strategy class to use.
2023-11-08 11:12:11,183 - freqtrade.loggers - INFO - Verbosity set to 0
2023-11-08 11:12:11,184 - freqtrade.configuration.configuration - INFO - Runmode set to dry_run.
2023-11-08 11:12:11,185 - freqtrade.configuration.configuration - INFO - Dry run is enabled
2023-11-08 11:12:11,188 - freqtrade.configuration.configuration - INFO - Using DB: "sqlite:///MoniGoMani_v0.13.0.tradesv3.sqlite"
2023-11-08 11:12:11,190 - freqtrade.configuration.configuration - INFO - Using max_open_trades: -1 ...
2023-11-08 11:12:11,363 - freqtrade.configuration.configuration - INFO - Using user-data directory: /freqtrade/user_data ...
2023-11-08 11:12:11,366 - freqtrade.configuration.configuration - INFO - Using data directory: /freqtrade/user_data/data/binance ...
2023-11-08 11:12:11,368 - freqtrade.exchange.check_exchange - INFO - Checking exchange...
2023-11-08 11:12:11,374 - freqtrade.exchange.check_exchange - INFO - Exchange "binance" is officially supported by the Freqtrade development team.
2023-11-08 11:12:11,376 - freqtrade.configuration.configuration - INFO - Using pairlist from configuration.
2023-11-08 11:12:11,377 - freqtrade.configuration.deprecated_settings - WARNING - DEPRECATED: The `forcebuy_enable` setting is deprecated and will be removed in the next versions of Freqtrade. Please use the `force_entry_enable` setting in your configuration instead.
2023-11-08 11:12:11,379 - freqtrade.configuration.deprecated_settings - WARNING - DEPRECATED: The `notification_settings.sell` setting is deprecated and will be removed in the next versions of Freqtrade. Please use the `notification_settings.exit` setting in your configuration instead.
2023-11-08 11:12:11,380 - freqtrade.configuration.deprecated_settings - WARNING - DEPRECATED: The `notification_settings.sell_fill` setting is deprecated and will be removed in the next versions of Freqtrade. Please use the `notification_settings.exit_fill` setting in your configuration instead.
2023-11-08 11:12:11,381 - freqtrade.configuration.deprecated_settings - WARNING - DEPRECATED: The `notification_settings.sell_cancel` setting is deprecated and will be removed in the next versions of Freqtrade. Please use the `notification_settings.exit_cancel` setting in your configuration instead.
2023-11-08 11:12:11,382 - freqtrade.configuration.deprecated_settings - WARNING - DEPRECATED: The `notification_settings.buy` setting is deprecated and will be removed in the next versions of Freqtrade. Please use the `notification_settings.entry` setting in your configuration instead.
2023-11-08 11:12:11,383 - freqtrade.configuration.deprecated_settings - WARNING - DEPRECATED: The `notification_settings.buy_fill` setting is deprecated and will be removed in the next versions of Freqtrade. Please use the `notification_settings.entry_fill` setting in your configuration instead.
2023-11-08 11:12:11,384 - freqtrade.configuration.deprecated_settings - WARNING - DEPRECATED: The `notification_settings.buy_cancel` setting is deprecated and will be removed in the next versions of Freqtrade. Please use the `notification_settings.entry_cancel` setting in your configuration instead.
2023-11-08 11:12:11,385 - freqtrade.commands.trade_commands - ERROR - No strategy set. Please use `--strategy` to specify the strategy class to use.
2023-11-08 11:12:11,388 - freqtrade.commands.trade_commands - ERROR - Fatal exception!
Traceback (most recent call last):
  File "/freqtrade/freqtrade/commands/trade_commands.py", line 24, in start_trading
    worker = Worker(args)
             ^^^^^^^^^^^^
  File "/freqtrade/freqtrade/worker.py", line 37, in __init__
    self._init(False)
  File "/freqtrade/freqtrade/worker.py", line 53, in _init
    self.freqtrade = FreqtradeBot(self._config)
                     ^^^^^^^^^^^^^^^^^^^^^^^^^^
  File "/freqtrade/freqtrade/freqtradebot.py", line 71, in __init__
    self.strategy: IStrategy = StrategyResolver.load_strategy(self.config)
                               ^^^^^^^^^^^^^^^^^^^^^^^^^^^^^^^^^^^^^^^^^^^
  File "/freqtrade/freqtrade/resolvers/strategy_resolver.py", line 44, in load_strategy
    raise OperationalException("No strategy set. Please use `--strategy` to specify "
freqtrade.exceptions.OperationalException: No strategy set. Please use `--strategy` to specify the strategy class to use.
2023-11-08 11:13:14,004 - freqtrade.loggers - INFO - Verbosity set to 0
2023-11-08 11:13:14,007 - freqtrade.configuration.configuration - INFO - Runmode set to dry_run.
2023-11-08 11:13:14,008 - freqtrade.configuration.configuration - INFO - Dry run is enabled
2023-11-08 11:13:14,009 - freqtrade.configuration.configuration - INFO - Using DB: "sqlite:///MoniGoMani_v0.13.0.tradesv3.sqlite"
2023-11-08 11:13:14,010 - freqtrade.configuration.configuration - INFO - Using max_open_trades: -1 ...
2023-11-08 11:13:14,173 - freqtrade.configuration.configuration - INFO - Using user-data directory: /freqtrade/user_data ...
2023-11-08 11:13:14,176 - freqtrade.configuration.configuration - INFO - Using data directory: /freqtrade/user_data/data/binance ...
2023-11-08 11:13:14,178 - freqtrade.exchange.check_exchange - INFO - Checking exchange...
2023-11-08 11:13:14,184 - freqtrade.exchange.check_exchange - INFO - Exchange "binance" is officially supported by the Freqtrade development team.
2023-11-08 11:13:14,185 - freqtrade.configuration.configuration - INFO - Using pairlist from configuration.
2023-11-08 11:13:14,188 - freqtrade.configuration.deprecated_settings - WARNING - DEPRECATED: The `forcebuy_enable` setting is deprecated and will be removed in the next versions of Freqtrade. Please use the `force_entry_enable` setting in your configuration instead.
2023-11-08 11:13:14,190 - freqtrade.configuration.deprecated_settings - WARNING - DEPRECATED: The `notification_settings.sell` setting is deprecated and will be removed in the next versions of Freqtrade. Please use the `notification_settings.exit` setting in your configuration instead.
2023-11-08 11:13:14,192 - freqtrade.configuration.deprecated_settings - WARNING - DEPRECATED: The `notification_settings.sell_fill` setting is deprecated and will be removed in the next versions of Freqtrade. Please use the `notification_settings.exit_fill` setting in your configuration instead.
2023-11-08 11:13:14,193 - freqtrade.configuration.deprecated_settings - WARNING - DEPRECATED: The `notification_settings.sell_cancel` setting is deprecated and will be removed in the next versions of Freqtrade. Please use the `notification_settings.exit_cancel` setting in your configuration instead.
2023-11-08 11:13:14,194 - freqtrade.configuration.deprecated_settings - WARNING - DEPRECATED: The `notification_settings.buy` setting is deprecated and will be removed in the next versions of Freqtrade. Please use the `notification_settings.entry` setting in your configuration instead.
2023-11-08 11:13:14,195 - freqtrade.configuration.deprecated_settings - WARNING - DEPRECATED: The `notification_settings.buy_fill` setting is deprecated and will be removed in the next versions of Freqtrade. Please use the `notification_settings.entry_fill` setting in your configuration instead.
2023-11-08 11:13:14,196 - freqtrade.configuration.deprecated_settings - WARNING - DEPRECATED: The `notification_settings.buy_cancel` setting is deprecated and will be removed in the next versions of Freqtrade. Please use the `notification_settings.entry_cancel` setting in your configuration instead.
2023-11-08 11:13:14,197 - freqtrade.commands.trade_commands - ERROR - No strategy set. Please use `--strategy` to specify the strategy class to use.
2023-11-08 11:13:14,198 - freqtrade.commands.trade_commands - ERROR - Fatal exception!
Traceback (most recent call last):
  File "/freqtrade/freqtrade/commands/trade_commands.py", line 24, in start_trading
    worker = Worker(args)
             ^^^^^^^^^^^^
  File "/freqtrade/freqtrade/worker.py", line 37, in __init__
    self._init(False)
  File "/freqtrade/freqtrade/worker.py", line 53, in _init
    self.freqtrade = FreqtradeBot(self._config)
                     ^^^^^^^^^^^^^^^^^^^^^^^^^^
  File "/freqtrade/freqtrade/freqtradebot.py", line 71, in __init__
    self.strategy: IStrategy = StrategyResolver.load_strategy(self.config)
                               ^^^^^^^^^^^^^^^^^^^^^^^^^^^^^^^^^^^^^^^^^^^
  File "/freqtrade/freqtrade/resolvers/strategy_resolver.py", line 44, in load_strategy
    raise OperationalException("No strategy set. Please use `--strategy` to specify "
freqtrade.exceptions.OperationalException: No strategy set. Please use `--strategy` to specify the strategy class to use.
2023-11-08 11:14:16,852 - freqtrade.loggers - INFO - Verbosity set to 0
2023-11-08 11:14:16,855 - freqtrade.configuration.configuration - INFO - Runmode set to dry_run.
2023-11-08 11:14:16,858 - freqtrade.configuration.configuration - INFO - Dry run is enabled
2023-11-08 11:14:16,859 - freqtrade.configuration.configuration - INFO - Using DB: "sqlite:///MoniGoMani_v0.13.0.tradesv3.sqlite"
2023-11-08 11:14:16,861 - freqtrade.configuration.configuration - INFO - Using max_open_trades: -1 ...
2023-11-08 11:14:17,110 - freqtrade.configuration.configuration - INFO - Using user-data directory: /freqtrade/user_data ...
2023-11-08 11:14:17,116 - freqtrade.configuration.configuration - INFO - Using data directory: /freqtrade/user_data/data/binance ...
2023-11-08 11:14:17,120 - freqtrade.exchange.check_exchange - INFO - Checking exchange...
2023-11-08 11:14:17,130 - freqtrade.exchange.check_exchange - INFO - Exchange "binance" is officially supported by the Freqtrade development team.
2023-11-08 11:14:17,132 - freqtrade.configuration.configuration - INFO - Using pairlist from configuration.
2023-11-08 11:14:17,133 - freqtrade.configuration.deprecated_settings - WARNING - DEPRECATED: The `forcebuy_enable` setting is deprecated and will be removed in the next versions of Freqtrade. Please use the `force_entry_enable` setting in your configuration instead.
2023-11-08 11:14:17,134 - freqtrade.configuration.deprecated_settings - WARNING - DEPRECATED: The `notification_settings.sell` setting is deprecated and will be removed in the next versions of Freqtrade. Please use the `notification_settings.exit` setting in your configuration instead.
2023-11-08 11:14:17,136 - freqtrade.configuration.deprecated_settings - WARNING - DEPRECATED: The `notification_settings.sell_fill` setting is deprecated and will be removed in the next versions of Freqtrade. Please use the `notification_settings.exit_fill` setting in your configuration instead.
2023-11-08 11:14:17,139 - freqtrade.configuration.deprecated_settings - WARNING - DEPRECATED: The `notification_settings.sell_cancel` setting is deprecated and will be removed in the next versions of Freqtrade. Please use the `notification_settings.exit_cancel` setting in your configuration instead.
2023-11-08 11:14:17,141 - freqtrade.configuration.deprecated_settings - WARNING - DEPRECATED: The `notification_settings.buy` setting is deprecated and will be removed in the next versions of Freqtrade. Please use the `notification_settings.entry` setting in your configuration instead.
2023-11-08 11:14:17,143 - freqtrade.configuration.deprecated_settings - WARNING - DEPRECATED: The `notification_settings.buy_fill` setting is deprecated and will be removed in the next versions of Freqtrade. Please use the `notification_settings.entry_fill` setting in your configuration instead.
2023-11-08 11:14:17,144 - freqtrade.configuration.deprecated_settings - WARNING - DEPRECATED: The `notification_settings.buy_cancel` setting is deprecated and will be removed in the next versions of Freqtrade. Please use the `notification_settings.entry_cancel` setting in your configuration instead.
2023-11-08 11:14:17,146 - freqtrade.commands.trade_commands - ERROR - No strategy set. Please use `--strategy` to specify the strategy class to use.
2023-11-08 11:14:17,148 - freqtrade.commands.trade_commands - ERROR - Fatal exception!
Traceback (most recent call last):
  File "/freqtrade/freqtrade/commands/trade_commands.py", line 24, in start_trading
    worker = Worker(args)
             ^^^^^^^^^^^^
  File "/freqtrade/freqtrade/worker.py", line 37, in __init__
    self._init(False)
  File "/freqtrade/freqtrade/worker.py", line 53, in _init
    self.freqtrade = FreqtradeBot(self._config)
                     ^^^^^^^^^^^^^^^^^^^^^^^^^^
  File "/freqtrade/freqtrade/freqtradebot.py", line 71, in __init__
    self.strategy: IStrategy = StrategyResolver.load_strategy(self.config)
                               ^^^^^^^^^^^^^^^^^^^^^^^^^^^^^^^^^^^^^^^^^^^
  File "/freqtrade/freqtrade/resolvers/strategy_resolver.py", line 44, in load_strategy
    raise OperationalException("No strategy set. Please use `--strategy` to specify "
freqtrade.exceptions.OperationalException: No strategy set. Please use `--strategy` to specify the strategy class to use.
2023-11-08 11:15:19,795 - freqtrade.loggers - INFO - Verbosity set to 0
2023-11-08 11:15:19,797 - freqtrade.configuration.configuration - INFO - Runmode set to dry_run.
2023-11-08 11:15:19,799 - freqtrade.configuration.configuration - INFO - Dry run is enabled
2023-11-08 11:15:19,800 - freqtrade.configuration.configuration - INFO - Using DB: "sqlite:///MoniGoMani_v0.13.0.tradesv3.sqlite"
2023-11-08 11:15:19,801 - freqtrade.configuration.configuration - INFO - Using max_open_trades: -1 ...
2023-11-08 11:15:20,042 - freqtrade.configuration.configuration - INFO - Using user-data directory: /freqtrade/user_data ...
2023-11-08 11:15:20,046 - freqtrade.configuration.configuration - INFO - Using data directory: /freqtrade/user_data/data/binance ...
2023-11-08 11:15:20,047 - freqtrade.exchange.check_exchange - INFO - Checking exchange...
2023-11-08 11:15:20,053 - freqtrade.exchange.check_exchange - INFO - Exchange "binance" is officially supported by the Freqtrade development team.
2023-11-08 11:15:20,057 - freqtrade.configuration.configuration - INFO - Using pairlist from configuration.
2023-11-08 11:15:20,059 - freqtrade.configuration.deprecated_settings - WARNING - DEPRECATED: The `forcebuy_enable` setting is deprecated and will be removed in the next versions of Freqtrade. Please use the `force_entry_enable` setting in your configuration instead.
2023-11-08 11:15:20,060 - freqtrade.configuration.deprecated_settings - WARNING - DEPRECATED: The `notification_settings.sell` setting is deprecated and will be removed in the next versions of Freqtrade. Please use the `notification_settings.exit` setting in your configuration instead.
2023-11-08 11:15:20,062 - freqtrade.configuration.deprecated_settings - WARNING - DEPRECATED: The `notification_settings.sell_fill` setting is deprecated and will be removed in the next versions of Freqtrade. Please use the `notification_settings.exit_fill` setting in your configuration instead.
2023-11-08 11:15:20,063 - freqtrade.configuration.deprecated_settings - WARNING - DEPRECATED: The `notification_settings.sell_cancel` setting is deprecated and will be removed in the next versions of Freqtrade. Please use the `notification_settings.exit_cancel` setting in your configuration instead.
2023-11-08 11:15:20,064 - freqtrade.configuration.deprecated_settings - WARNING - DEPRECATED: The `notification_settings.buy` setting is deprecated and will be removed in the next versions of Freqtrade. Please use the `notification_settings.entry` setting in your configuration instead.
2023-11-08 11:15:20,065 - freqtrade.configuration.deprecated_settings - WARNING - DEPRECATED: The `notification_settings.buy_fill` setting is deprecated and will be removed in the next versions of Freqtrade. Please use the `notification_settings.entry_fill` setting in your configuration instead.
2023-11-08 11:15:20,066 - freqtrade.configuration.deprecated_settings - WARNING - DEPRECATED: The `notification_settings.buy_cancel` setting is deprecated and will be removed in the next versions of Freqtrade. Please use the `notification_settings.entry_cancel` setting in your configuration instead.
2023-11-08 11:15:20,067 - freqtrade.commands.trade_commands - ERROR - No strategy set. Please use `--strategy` to specify the strategy class to use.
2023-11-08 11:15:20,068 - freqtrade.commands.trade_commands - ERROR - Fatal exception!
Traceback (most recent call last):
  File "/freqtrade/freqtrade/commands/trade_commands.py", line 24, in start_trading
    worker = Worker(args)
             ^^^^^^^^^^^^
  File "/freqtrade/freqtrade/worker.py", line 37, in __init__
    self._init(False)
  File "/freqtrade/freqtrade/worker.py", line 53, in _init
    self.freqtrade = FreqtradeBot(self._config)
                     ^^^^^^^^^^^^^^^^^^^^^^^^^^
  File "/freqtrade/freqtrade/freqtradebot.py", line 71, in __init__
    self.strategy: IStrategy = StrategyResolver.load_strategy(self.config)
                               ^^^^^^^^^^^^^^^^^^^^^^^^^^^^^^^^^^^^^^^^^^^
  File "/freqtrade/freqtrade/resolvers/strategy_resolver.py", line 44, in load_strategy
    raise OperationalException("No strategy set. Please use `--strategy` to specify "
freqtrade.exceptions.OperationalException: No strategy set. Please use `--strategy` to specify the strategy class to use.
2023-11-08 11:16:22,557 - freqtrade.loggers - INFO - Verbosity set to 0
2023-11-08 11:16:22,558 - freqtrade.configuration.configuration - INFO - Runmode set to dry_run.
2023-11-08 11:16:22,560 - freqtrade.configuration.configuration - INFO - Dry run is enabled
2023-11-08 11:16:22,561 - freqtrade.configuration.configuration - INFO - Using DB: "sqlite:///MoniGoMani_v0.13.0.tradesv3.sqlite"
2023-11-08 11:16:22,562 - freqtrade.configuration.configuration - INFO - Using max_open_trades: -1 ...
2023-11-08 11:16:22,781 - freqtrade.configuration.configuration - INFO - Using user-data directory: /freqtrade/user_data ...
2023-11-08 11:16:22,784 - freqtrade.configuration.configuration - INFO - Using data directory: /freqtrade/user_data/data/binance ...
2023-11-08 11:16:22,786 - freqtrade.exchange.check_exchange - INFO - Checking exchange...
2023-11-08 11:16:22,795 - freqtrade.exchange.check_exchange - INFO - Exchange "binance" is officially supported by the Freqtrade development team.
2023-11-08 11:16:22,796 - freqtrade.configuration.configuration - INFO - Using pairlist from configuration.
2023-11-08 11:16:22,797 - freqtrade.configuration.deprecated_settings - WARNING - DEPRECATED: The `forcebuy_enable` setting is deprecated and will be removed in the next versions of Freqtrade. Please use the `force_entry_enable` setting in your configuration instead.
2023-11-08 11:16:22,798 - freqtrade.configuration.deprecated_settings - WARNING - DEPRECATED: The `notification_settings.sell` setting is deprecated and will be removed in the next versions of Freqtrade. Please use the `notification_settings.exit` setting in your configuration instead.
2023-11-08 11:16:22,799 - freqtrade.configuration.deprecated_settings - WARNING - DEPRECATED: The `notification_settings.sell_fill` setting is deprecated and will be removed in the next versions of Freqtrade. Please use the `notification_settings.exit_fill` setting in your configuration instead.
2023-11-08 11:16:22,800 - freqtrade.configuration.deprecated_settings - WARNING - DEPRECATED: The `notification_settings.sell_cancel` setting is deprecated and will be removed in the next versions of Freqtrade. Please use the `notification_settings.exit_cancel` setting in your configuration instead.
2023-11-08 11:16:22,801 - freqtrade.configuration.deprecated_settings - WARNING - DEPRECATED: The `notification_settings.buy` setting is deprecated and will be removed in the next versions of Freqtrade. Please use the `notification_settings.entry` setting in your configuration instead.
2023-11-08 11:16:22,803 - freqtrade.configuration.deprecated_settings - WARNING - DEPRECATED: The `notification_settings.buy_fill` setting is deprecated and will be removed in the next versions of Freqtrade. Please use the `notification_settings.entry_fill` setting in your configuration instead.
2023-11-08 11:16:22,804 - freqtrade.configuration.deprecated_settings - WARNING - DEPRECATED: The `notification_settings.buy_cancel` setting is deprecated and will be removed in the next versions of Freqtrade. Please use the `notification_settings.entry_cancel` setting in your configuration instead.
2023-11-08 11:16:22,805 - freqtrade.commands.trade_commands - ERROR - No strategy set. Please use `--strategy` to specify the strategy class to use.
2023-11-08 11:16:22,806 - freqtrade.commands.trade_commands - ERROR - Fatal exception!
Traceback (most recent call last):
  File "/freqtrade/freqtrade/commands/trade_commands.py", line 24, in start_trading
    worker = Worker(args)
             ^^^^^^^^^^^^
  File "/freqtrade/freqtrade/worker.py", line 37, in __init__
    self._init(False)
  File "/freqtrade/freqtrade/worker.py", line 53, in _init
    self.freqtrade = FreqtradeBot(self._config)
                     ^^^^^^^^^^^^^^^^^^^^^^^^^^
  File "/freqtrade/freqtrade/freqtradebot.py", line 71, in __init__
    self.strategy: IStrategy = StrategyResolver.load_strategy(self.config)
                               ^^^^^^^^^^^^^^^^^^^^^^^^^^^^^^^^^^^^^^^^^^^
  File "/freqtrade/freqtrade/resolvers/strategy_resolver.py", line 44, in load_strategy
    raise OperationalException("No strategy set. Please use `--strategy` to specify "
freqtrade.exceptions.OperationalException: No strategy set. Please use `--strategy` to specify the strategy class to use.
2023-11-08 11:17:25,204 - freqtrade.loggers - INFO - Verbosity set to 0
2023-11-08 11:17:25,205 - freqtrade.configuration.configuration - INFO - Runmode set to dry_run.
2023-11-08 11:17:25,206 - freqtrade.configuration.configuration - INFO - Dry run is enabled
2023-11-08 11:17:25,208 - freqtrade.configuration.configuration - INFO - Using DB: "sqlite:///MoniGoMani_v0.13.0.tradesv3.sqlite"
2023-11-08 11:17:25,209 - freqtrade.configuration.configuration - INFO - Using max_open_trades: -1 ...
2023-11-08 11:17:25,442 - freqtrade.configuration.configuration - INFO - Using user-data directory: /freqtrade/user_data ...
2023-11-08 11:17:25,445 - freqtrade.configuration.configuration - INFO - Using data directory: /freqtrade/user_data/data/binance ...
2023-11-08 11:17:25,447 - freqtrade.exchange.check_exchange - INFO - Checking exchange...
2023-11-08 11:17:25,454 - freqtrade.exchange.check_exchange - INFO - Exchange "binance" is officially supported by the Freqtrade development team.
2023-11-08 11:17:25,455 - freqtrade.configuration.configuration - INFO - Using pairlist from configuration.
2023-11-08 11:17:25,456 - freqtrade.configuration.deprecated_settings - WARNING - DEPRECATED: The `forcebuy_enable` setting is deprecated and will be removed in the next versions of Freqtrade. Please use the `force_entry_enable` setting in your configuration instead.
2023-11-08 11:17:25,457 - freqtrade.configuration.deprecated_settings - WARNING - DEPRECATED: The `notification_settings.sell` setting is deprecated and will be removed in the next versions of Freqtrade. Please use the `notification_settings.exit` setting in your configuration instead.
2023-11-08 11:17:25,458 - freqtrade.configuration.deprecated_settings - WARNING - DEPRECATED: The `notification_settings.sell_fill` setting is deprecated and will be removed in the next versions of Freqtrade. Please use the `notification_settings.exit_fill` setting in your configuration instead.
2023-11-08 11:17:25,459 - freqtrade.configuration.deprecated_settings - WARNING - DEPRECATED: The `notification_settings.sell_cancel` setting is deprecated and will be removed in the next versions of Freqtrade. Please use the `notification_settings.exit_cancel` setting in your configuration instead.
2023-11-08 11:17:25,460 - freqtrade.configuration.deprecated_settings - WARNING - DEPRECATED: The `notification_settings.buy` setting is deprecated and will be removed in the next versions of Freqtrade. Please use the `notification_settings.entry` setting in your configuration instead.
2023-11-08 11:17:25,462 - freqtrade.configuration.deprecated_settings - WARNING - DEPRECATED: The `notification_settings.buy_fill` setting is deprecated and will be removed in the next versions of Freqtrade. Please use the `notification_settings.entry_fill` setting in your configuration instead.
2023-11-08 11:17:25,464 - freqtrade.configuration.deprecated_settings - WARNING - DEPRECATED: The `notification_settings.buy_cancel` setting is deprecated and will be removed in the next versions of Freqtrade. Please use the `notification_settings.entry_cancel` setting in your configuration instead.
2023-11-08 11:17:25,466 - freqtrade.commands.trade_commands - ERROR - No strategy set. Please use `--strategy` to specify the strategy class to use.
2023-11-08 11:17:25,467 - freqtrade.commands.trade_commands - ERROR - Fatal exception!
Traceback (most recent call last):
  File "/freqtrade/freqtrade/commands/trade_commands.py", line 24, in start_trading
    worker = Worker(args)
             ^^^^^^^^^^^^
  File "/freqtrade/freqtrade/worker.py", line 37, in __init__
    self._init(False)
  File "/freqtrade/freqtrade/worker.py", line 53, in _init
    self.freqtrade = FreqtradeBot(self._config)
                     ^^^^^^^^^^^^^^^^^^^^^^^^^^
  File "/freqtrade/freqtrade/freqtradebot.py", line 71, in __init__
    self.strategy: IStrategy = StrategyResolver.load_strategy(self.config)
                               ^^^^^^^^^^^^^^^^^^^^^^^^^^^^^^^^^^^^^^^^^^^
  File "/freqtrade/freqtrade/resolvers/strategy_resolver.py", line 44, in load_strategy
    raise OperationalException("No strategy set. Please use `--strategy` to specify "
freqtrade.exceptions.OperationalException: No strategy set. Please use `--strategy` to specify the strategy class to use.
2023-11-08 11:18:27,991 - freqtrade.loggers - INFO - Verbosity set to 0
2023-11-08 11:18:27,992 - freqtrade.configuration.configuration - INFO - Runmode set to dry_run.
2023-11-08 11:18:27,996 - freqtrade.configuration.configuration - INFO - Dry run is enabled
2023-11-08 11:18:27,997 - freqtrade.configuration.configuration - INFO - Using DB: "sqlite:///MoniGoMani_v0.13.0.tradesv3.sqlite"
2023-11-08 11:18:27,999 - freqtrade.configuration.configuration - INFO - Using max_open_trades: -1 ...
2023-11-08 11:18:28,025 - freqtrade.commands.trade_commands - INFO - SIGINT received, aborting ...
